<?xml version="1.0" encoding="UTF-8"?>
<!-- Generated by org.testng.reporters.JUnitXMLReporter -->
<testsuite ignored="0" hostname="DESKTOP-HP9JDOL" failures="1" tests="3" name="error validation" time="15.012" errors="0" timestamp="2023-03-05T16:42:06 IST">
  <testcase classname="Maven.sundarmaven.errorValidation" name="OrdererrorValidation" time="2.543"/>
  <testcase classname="Maven.sundarmaven.errorValidation" name="loginerrorValidation" time="1.207">
    <skipped/>
  </testcase> <!-- loginerrorValidation -->
  <testcase classname="Maven.sundarmaven.errorValidation" name="loginerrorValidation" time="1.002">
    <failure type="java.lang.AssertionError" message="expected [Incorrect email or password.] but found [Incorrect email or password]">
      <![CDATA[java.lang.AssertionError: expected [Incorrect email or password.] but found [Incorrect email or password]
at Maven.sundarmaven.errorValidation.loginerrorValidation(errorValidation.java:43)
at java.base/java.util.ArrayList.forEach(ArrayList.java:1511)
at java.base/java.util.concurrent.FutureTask.run(FutureTask.java:264)
at java.base/java.util.concurrent.ThreadPoolExecutor.runWorker(ThreadPoolExecutor.java:1136)
at java.base/java.util.concurrent.ThreadPoolExecutor$Worker.run(ThreadPoolExecutor.java:635)
at java.base/java.lang.Thread.run(Thread.java:833)
... Removed 23 stack frames]]>
    </failure>
  </testcase> <!-- loginerrorValidation -->
</testsuite> <!-- error validation -->
