<?xml version="1.0" encoding="UTF-8"?>
<!-- Generated by org.testng.reporters.JUnitXMLReporter -->
<testsuite ignored="0" hostname="DESKTOP-HP9JDOL" failures="0" tests="2" name="error validation" time="3.966" errors="0" timestamp="2023-03-23T14:39:59 IST">
  <testcase classname="Maven.sundarmaven.errorValidation" name="OrdererrorValidation" time="0.0">
    <skipped/>
  </testcase> <!-- OrdererrorValidation -->
  <testcase classname="Maven.sundarmaven.errorValidation" name="loginerrorValidation" time="0.0">
    <skipped/>
  </testcase> <!-- loginerrorValidation -->
</testsuite> <!-- error validation -->
